<?xml version="1.0" encoding="UTF-8"?>
<!-- Generated by org.testng.reporters.JUnitXMLReporter -->
<testsuite ignored="1" hostname="LENOVO" failures="0" tests="1" name="Default test" time="16.643" errors="0" timestamp="2023-06-23T20:53:44 IST">
  <testcase classname="com.qalegendbilling.testScript.AddUsersTest" name="TC_007_verifyUsersfromAddedUsers" time="8.872"/>
  <testcase classname="com.qalegendbilling.testScript.AddUsersTest" name="TC_006_verifyUserPage" time="0.0">
    <ignored/>
  </testcase> <!-- TC_006_verifyUserPage -->
</testsuite> <!-- Default test -->
