<?xml version="1.0" encoding="UTF-8"?>
<!-- Generated by org.testng.reporters.JUnitXMLReporter -->
<testsuite ignored="1" hostname="LENOVO" failures="0" tests="1" name="Chrome Test" time="12.532" errors="0" timestamp="2023-06-23T22:14:32 IST">
  <testcase classname="com.qalegendbilling.testScript.LoginTest" name="TC_001_verifyUserLoginwithValidCredentials" time="4.603"/>
  <testcase classname="com.qalegendbilling.testScript.LoginTest" name="TC_002_verifyErrorMessageDisplayedForInvalidCredentials" time="0.0">
    <ignored/>
  </testcase> <!-- TC_002_verifyErrorMessageDisplayedForInvalidCredentials -->
</testsuite> <!-- Chrome Test -->
