<?xml version="1.0" encoding="UTF-8"?>
<!-- Generated by org.testng.reporters.JUnitXMLReporter -->
<testsuite ignored="2" hostname="LENOVO" failures="0" tests="2" name="Parameter Testing-grouping" time="27.328" errors="0" timestamp="2023-06-23T21:46:35 IST">
  <testcase classname="com.qalegendbilling.testScript.LoginTest" name="TC_001_verifyUserLoginwithValidCredentials" time="5.085"/>
  <testcase classname="com.qalegendbilling.testScript.HomeTest" name="TC_004_verifySignout" time="5.42"/>
  <testcase classname="com.qalegendbilling.testScript.HomeTest" name="TC_005_verifyUserManagementDropdown" time="0.0">
    <ignored/>
  </testcase> <!-- TC_005_verifyUserManagementDropdown -->
  <testcase classname="com.qalegendbilling.testScript.LoginTest" name="TC_002_verifyErrorMessageDisplayedForInvalidCredentials" time="0.0">
    <ignored/>
  </testcase> <!-- TC_002_verifyErrorMessageDisplayedForInvalidCredentials -->
</testsuite> <!-- Parameter Testing-grouping -->
