<?xml version="1.0" encoding="UTF-8"?>
<!-- Generated by org.testng.reporters.JUnitXMLReporter -->
<testsuite ignored="3" hostname="LENOVO" failures="0" tests="2" name="Chrome Test" time="31.735" errors="0" timestamp="2023-06-23T01:15:41 IST">
  <testcase classname="com.qalegendbilling.testScript.LoginTest" name="TC_001_verifyUserLoginwithValidCredentials" time="5.427"/>
  <testcase classname="com.qalegendbilling.testScript.HomeTest" name="TC_004_verifySignout" time="5.276"/>
  <testcase classname="com.qalegendbilling.testScript.LoginTest" name="TC_002_verifyErrorMessageDisplayedForInvalidCredentials" time="0.0">
    <ignored/>
  </testcase> <!-- TC_002_verifyErrorMessageDisplayedForInvalidCredentials -->
  <testcase classname="com.qalegendbilling.testScript.HomeTest" name="TC_005_verifyUserManagementDropdown" time="0.0">
    <ignored/>
  </testcase> <!-- TC_005_verifyUserManagementDropdown -->
  <testcase classname="com.qalegendbilling.automationCore.Base" name="@BeforeSuite setExtent" time="0.0">
    <ignored/>
  </testcase> <!-- @BeforeSuite setExtent -->
</testsuite> <!-- Chrome Test -->
