<?xml version="1.0" encoding="UTF-8"?>
<!-- Generated by org.testng.reporters.JUnitXMLReporter -->
<testsuite ignored="3" hostname="LENOVO" failures="0" tests="2" name="FireFox Test" time="36.985" errors="0" timestamp="2023-06-23T01:15:46 IST">
  <testcase classname="com.qalegendbilling.testScript.LoginTest" name="TC_001_verifyUserLoginwithValidCredentials" time="4.137"/>
  <testcase classname="com.qalegendbilling.testScript.HomeTest" name="TC_004_verifySignout" time="4.894"/>
  <testcase classname="com.qalegendbilling.automationCore.Base" name="@BeforeSuite setExtent" time="0.0">
    <ignored/>
  </testcase> <!-- @BeforeSuite setExtent -->
  <testcase classname="com.qalegendbilling.testScript.LoginTest" name="TC_002_verifyErrorMessageDisplayedForInvalidCredentials" time="0.0">
    <ignored/>
  </testcase> <!-- TC_002_verifyErrorMessageDisplayedForInvalidCredentials -->
  <testcase classname="com.qalegendbilling.testScript.HomeTest" name="TC_005_verifyUserManagementDropdown" time="0.0">
    <ignored/>
  </testcase> <!-- TC_005_verifyUserManagementDropdown -->
</testsuite> <!-- FireFox Test -->
